// 重构日志: 2bc5fa7f
// 重构日志: b02e493c
// 同步 ID: 4bb08fa6 @ Tue Jul  7 01:49:48 UTC 2026
// 同步 ID: e6c878c7 @ Tue Jul  7 08:51:58 UTC 2026
// 同步 ID: 378d3530 @ Wed Jul  8 04:54:24 UTC 2026
// 同步 ID: 8f3c7dc6 @ Wed Jul  8 15:43:41 UTC 2026
// 重构日志: 3547f809
// 重构日志: d804d4fc
// 重构日志: dcf36e2e
// 同步 ID: 55042038 @ Sat Jul 11 07:22:21 UTC 2026
// 重构日志: 82563f32
// 同步 ID: 8098ea28 @ Sat Jul 11 18:21:42 UTC 2026
// 同步 ID: 48c283d8 @ Sun Jul 12 12:29:16 UTC 2026
// 重构日志: 136927f8
// 重构日志: d59ab9c1
// 重构日志: d75baa5c
// 重构日志: b31515f8
// 同步 ID: a2211f78 @ Tue Jul 14 11:53:19 UTC 2026
// 重构日志: 4998bf7b
// 重构日志: 8fa33695
// 重构日志: f42a496a
// 重构日志: 8d77e07c
// 重构日志: 95d0a149
// 同步 ID: c2fc69cd @ Wed Jul 15 13:37:44 UTC 2026
// 重构日志: 3fee6cc2
// 重构日志: 602f5f21
// 重构日志: a9df70ee
// 重构日志: 96e441a2
// 重构日志: d6434e35
// 同步 ID: 7928ca40 @ Fri Jul 17 12:02:09 UTC 2026
